Building DAG of jobs...
Using shell: /bin/bash
Provided cores: 1
Rules claiming more threads will be scaled down.
Job counts:
	count	jobs
	1	interpro_scan
	1

[Thu Aug 15 20:27:13 2019]
rule interpro_scan:
    input: /home/jared/Phages/assembled_data/annotations/2019-08-15/T7/T7.faa, /home/jared/Phages/assembled_data/annotations/2019-08-15/lambda/lambda.faa, /home/jared/Phages/assembled_data/annotations/2019-08-15/T4/T4.faa, /home/jared/Phages/assembled_data/annotations/2019-08-15/RB69/RB69.faa, /home/jared/Phages/assembled_data/annotations/2019-08-15/T5/T5.faa, /home/jared/Phages/assembled_data/annotations/2019-08-15/T7/T7.faa, /home/jared/Phages/assembled_data/annotations/2019-08-15/lambda/lambda.faa, /home/jared/Phages/assembled_data/annotations/2019-08-15/T4/T4.faa, /home/jared/Phages/assembled_data/annotations/2019-08-15/RB69/RB69.faa, /home/jared/Phages/assembled_data/annotations/2019-08-15/T5/T5.faa, /home/jared/Phages/assembled_data/annotations/2019-08-15/T7/T7.faa, /home/jared/Phages/assembled_data/annotations/2019-08-15/lambda/lambda.faa, /home/jared/Phages/assembled_data/annotations/2019-08-15/T4/T4.faa, /home/jared/Phages/assembled_data/annotations/2019-08-15/RB69/RB69.faa, /home/jared/Phages/assembled_data/annotations/2019-08-15/T5/T5.faa, /home/jared/Phages/assembled_data/annotations/2019-08-15/T7/T7.faa, /home/jared/Phages/assembled_data/annotations/2019-08-15/lambda/lambda.faa, /home/jared/Phages/assembled_data/annotations/2019-08-15/T4/T4.faa, /home/jared/Phages/assembled_data/annotations/2019-08-15/RB69/RB69.faa, /home/jared/Phages/assembled_data/annotations/2019-08-15/T5/T5.faa, /home/jared/Phages/assembled_data/annotations/2019-08-15/T7/T7.faa, /home/jared/Phages/assembled_data/annotations/2019-08-15/lambda/lambda.faa, /home/jared/Phages/assembled_data/annotations/2019-08-15/T4/T4.faa, /home/jared/Phages/assembled_data/annotations/2019-08-15/RB69/RB69.faa, /home/jared/Phages/assembled_data/annotations/2019-08-15/T5/T5.faa
    output: /home/jared/Phages/assembled_data/annotations/2019-08-15/T7/T7_interpro/T7.faa.gff3, /home/jared/Phages/assembled_data/annotations/2019-08-15/lambda/lambda_interpro/lambda.faa.gff3, /home/jared/Phages/assembled_data/annotations/2019-08-15/T4/T4_interpro/T4.faa.gff3, /home/jared/Phages/assembled_data/annotations/2019-08-15/RB69/RB69_interpro/RB69.faa.gff3, /home/jared/Phages/assembled_data/annotations/2019-08-15/T5/T5_interpro/T5.faa.gff3
    jobid: 0
    priority: 30

Activating conda environment: /home/jared/phageAnnote/.snakemake/conda/064a0746
Waiting at most 5 seconds for missing files.
Terminating processes on user request, this might take some time.
MissingOutputException in line 242 of /home/jared/phageAnnote/annotation.snake:
Missing files after 5 seconds:
/home/jared/Phages/assembled_data/annotations/2019-08-15/lambda/lambda_interpro/lambda.faa.gff3
/home/jared/Phages/assembled_data/annotations/2019-08-15/T4/T4_interpro/T4.faa.gff3
/home/jared/Phages/assembled_data/annotations/2019-08-15/RB69/RB69_interpro/RB69.faa.gff3
/home/jared/Phages/assembled_data/annotations/2019-08-15/T5/T5_interpro/T5.faa.gff3
This might be due to filesystem latency. If that is the case, consider to increase the wait time with --latency-wait.
Removing output files of failed job interpro_scan since they might be corrupted:
/home/jared/Phages/assembled_data/annotations/2019-08-15/T7/T7_interpro/T7.faa.gff3
Complete log: /home/jared/phageAnnote/.snakemake/log/2019-08-15T202712.547984.snakemake.log
